This is XeTeX, Version 3.14159265-2.6-0.99996 (MiKTeX 2.9 64-bit) (preloaded format=xelatex 2016.10.5)  16 NOV 2016 12:28
entering extended mode
**./Template.tex
(Template.tex
LaTeX2e <2016/03/31> patch level 3
Babel <3.9r> and hyphenation patterns for 75 language(s) loaded.
("C:\Users\Jorden\AppData\Local\Programs\MiKTeX 2.9\tex\latex\base\article.cls"
Document Class: article 2014/09/29 v1.4h Standard LaTeX document class
("C:\Users\Jorden\AppData\Local\Programs\MiKTeX 2.9\tex\latex\base\size12.clo"
File: size12.clo 2014/09/29 v1.4h Standard LaTeX file (size option)
)
\c@part=\count79
\c@section=\count80
\c@subsection=\count81
\c@subsubsection=\count82
\c@paragraph=\count83
\c@subparagraph=\count84
\c@figure=\count85
\c@table=\count86
\abovecaptionskip=\skip41
\belowcaptionskip=\skip42
\bibindent=\dimen102
) ("C:\Users\Jorden\AppData\Local\Programs\MiKTeX 2.9\tex\latex\base\fontenc.st
y"
Package: fontenc 2016/06/19 v1.99m Standard LaTeX package
 ("C:\Users\Jorden\AppData\Local\Programs\MiKTeX 2.9\tex\latex\base\t1enc.def"
File: t1enc.def 2016/06/19 v1.99m Standard LaTeX file
LaTeX Font Info:    Redeclaring font encoding T1 on input line 48.
))
("C:\Users\Jorden\AppData\Local\Programs\MiKTeX 2.9\tex\latex\graphics\graphicx
.sty"
Package: graphicx 2014/10/28 v1.0g Enhanced LaTeX Graphics (DPC,SPQR)

("C:\Users\Jorden\AppData\Local\Programs\MiKTeX 2.9\tex\latex\graphics\keyval.s
ty"
Package: keyval 2014/10/28 v1.15 key=value parser (DPC)
\KV@toks@=\toks14
)
("C:\Users\Jorden\AppData\Local\Programs\MiKTeX 2.9\tex\latex\graphics\graphics
.sty"
Package: graphics 2016/07/10 v1.0t Standard LaTeX Graphics (DPC,SPQR)

("C:\Users\Jorden\AppData\Local\Programs\MiKTeX 2.9\tex\latex\graphics\trig.sty
"
Package: trig 2016/01/03 v1.10 sin cos tan (DPC)
)
("C:\Users\Jorden\AppData\Local\Programs\MiKTeX 2.9\tex\latex\00miktex\graphics
.cfg"
File: graphics.cfg 2016/06/04 v1.11 sample graphics configuration
)
Package graphics Info: Driver file: xetex.def on input line 99.

("C:\Users\Jorden\AppData\Local\Programs\MiKTeX 2.9\tex\latex\graphics-def\xete
x.def"
File: xetex.def 2016/07/11 v4.10 LaTeX color/graphics driver for XeTeX (L3/RRM/
JK)
))
\Gin@req@height=\dimen103
\Gin@req@width=\dimen104
)
("C:\Users\Jorden\AppData\Local\Programs\MiKTeX 2.9\tex\latex\caption\caption.s
ty"
Package: caption 2016/02/21 v3.3-144 Customizing captions (AR)

("C:\Users\Jorden\AppData\Local\Programs\MiKTeX 2.9\tex\latex\caption\caption3.
sty"
Package: caption3 2016/05/22 v1.7-166 caption3 kernel (AR)
Package caption3 Info: TeX engine: e-TeX on input line 67.
\captionmargin=\dimen105
\captionmargin@=\dimen106
\captionwidth=\dimen107
\caption@tempdima=\dimen108
\caption@indent=\dimen109
\caption@parindent=\dimen110
\caption@hangindent=\dimen111
)
\c@ContinuedFloat=\count87
)
("C:\Users\Jorden\AppData\Local\Programs\MiKTeX 2.9\tex\latex\amsmath\amsmath.s
ty"
Package: amsmath 2016/06/28 v2.15d AMS math features
\@mathmargin=\skip43

For additional information on amsmath, use the `?' option.

("C:\Users\Jorden\AppData\Local\Programs\MiKTeX 2.9\tex\latex\amsmath\amstext.s
ty"
Package: amstext 2000/06/29 v2.01 AMS text

("C:\Users\Jorden\AppData\Local\Programs\MiKTeX 2.9\tex\latex\amsmath\amsgen.st
y"
File: amsgen.sty 1999/11/30 v2.0 generic functions
\@emptytoks=\toks15
\ex@=\dimen112
))
("C:\Users\Jorden\AppData\Local\Programs\MiKTeX 2.9\tex\latex\amsmath\amsbsy.st
y"
Package: amsbsy 1999/11/29 v1.2d Bold Symbols
\pmbraise@=\dimen113
)
("C:\Users\Jorden\AppData\Local\Programs\MiKTeX 2.9\tex\latex\amsmath\amsopn.st
y"
Package: amsopn 2016/03/08 v2.02 operator names
)
\inf@bad=\count88
LaTeX Info: Redefining \frac on input line 199.
\uproot@=\count89
\leftroot@=\count90
LaTeX Info: Redefining \overline on input line 297.
\classnum@=\count91
\DOTSCASE@=\count92
LaTeX Info: Redefining \ldots on input line 394.
LaTeX Info: Redefining \dots on input line 397.
LaTeX Info: Redefining \cdots on input line 518.
\Mathstrutbox@=\box26
\strutbox@=\box27
\big@size=\dimen114
LaTeX Font Info:    Redeclaring font encoding OML on input line 634.
LaTeX Font Info:    Redeclaring font encoding OMS on input line 635.
\macc@depth=\count93
\c@MaxMatrixCols=\count94
\dotsspace@=\muskip10
\c@parentequation=\count95
\dspbrk@lvl=\count96
\tag@help=\toks16
\row@=\count97
\column@=\count98
\maxfields@=\count99
\andhelp@=\toks17
\eqnshift@=\dimen115
\alignsep@=\dimen116
\tagshift@=\dimen117
\tagwidth@=\dimen118
\totwidth@=\dimen119
\lineht@=\dimen120
\@envbody=\toks18
\multlinegap=\skip44
\multlinetaggap=\skip45
\mathdisplay@stack=\toks19
LaTeX Info: Redefining \[ on input line 2739.
LaTeX Info: Redefining \] on input line 2740.
)
("C:\Users\Jorden\AppData\Local\Programs\MiKTeX 2.9\tex\latex\amsfonts\amssymb.
sty"
Package: amssymb 2013/01/14 v3.01 AMS font symbols

("C:\Users\Jorden\AppData\Local\Programs\MiKTeX 2.9\tex\latex\amsfonts\amsfonts
.sty"
Package: amsfonts 2013/01/14 v3.01 Basic AMSFonts support
\symAMSa=\mathgroup4
\symAMSb=\mathgroup5
LaTeX Font Info:    Overwriting math alphabet `\mathfrak' in version `bold'
(Font)                  U/euf/m/n --> U/euf/b/n on input line 106.
))
("C:\Users\Jorden\AppData\Local\Programs\MiKTeX 2.9\tex\latex\amscls\amsthm.sty
"
Package: amsthm 2015/03/04 v2.20.2
\thm@style=\toks20
\thm@bodyfont=\toks21
\thm@headfont=\toks22
\thm@notefont=\toks23
\thm@headpunct=\toks24
\thm@preskip=\skip46
\thm@postskip=\skip47
\thm@headsep=\skip48
\dth@everypar=\toks25
)
("C:\Users\Jorden\AppData\Local\Programs\MiKTeX 2.9\tex\latex\eso-pic\eso-pic.s
ty"
Package: eso-pic 2015/07/21 v2.0g eso-pic (RN)

("C:\Users\Jorden\AppData\Local\Programs\MiKTeX 2.9\tex\generic\oberdiek\atbegs
hi.sty"
Package: atbegshi 2016/06/09 v1.18 At begin shipout hook (HO)

("C:\Users\Jorden\AppData\Local\Programs\MiKTeX 2.9\tex\generic\oberdiek\infwar
err.sty"
Package: infwarerr 2016/05/16 v1.4 Providing info/warning/error messages (HO)
)
("C:\Users\Jorden\AppData\Local\Programs\MiKTeX 2.9\tex\generic\oberdiek\ltxcmd
s.sty"
Package: ltxcmds 2016/05/16 v1.23 LaTeX kernel commands for general use (HO)
)
("C:\Users\Jorden\AppData\Local\Programs\MiKTeX 2.9\tex\generic\oberdiek\ifpdf.
sty"
Package: ifpdf 2016/05/14 v3.1 Provides the ifpdf switch
))
("C:\Users\Jorden\AppData\Local\Programs\MiKTeX 2.9\tex\latex\xcolor\xcolor.sty
"
Package: xcolor 2016/05/11 v2.12 LaTeX color extensions (UK)

("C:\Users\Jorden\AppData\Local\Programs\MiKTeX 2.9\tex\latex\00miktex\color.cf
g"
File: color.cfg 2016/01/02 v1.6 sample color configuration
)
Package xcolor Info: Driver file: xetex.def on input line 225.
Package xcolor Info: Model `cmy' substituted by `cmy0' on input line 1348.
Package xcolor Info: Model `RGB' extended on input line 1364.
Package xcolor Info: Model `HTML' substituted by `rgb' on input line 1366.
Package xcolor Info: Model `Hsb' substituted by `hsb' on input line 1367.
Package xcolor Info: Model `tHsb' substituted by `hsb' on input line 1368.
Package xcolor Info: Model `HSB' substituted by `hsb' on input line 1369.
Package xcolor Info: Model `Gray' substituted by `gray' on input line 1370.
Package xcolor Info: Model `wave' substituted by `hsb' on input line 1371.
))
("C:\Users\Jorden\AppData\Local\Programs\MiKTeX 2.9\tex\latex\lastpage\lastpage
.sty"
Package: lastpage 2015/03/29 v1.2m Refers to last page's name (HMM; JPG)
)
("C:\Users\Jorden\AppData\Local\Programs\MiKTeX 2.9\tex\latex\geometry\geometry
.sty"
Package: geometry 2010/09/12 v5.6 Page Geometry

("C:\Users\Jorden\AppData\Local\Programs\MiKTeX 2.9\tex\generic\oberdiek\ifvtex
.sty"
Package: ifvtex 2016/05/16 v1.6 Detect VTeX and its facilities (HO)
Package ifvtex Info: VTeX not detected.
)
("C:\Users\Jorden\AppData\Local\Programs\MiKTeX 2.9\tex\generic\ifxetex\ifxetex
.sty"
Package: ifxetex 2010/09/12 v0.6 Provides ifxetex conditional
)
\Gm@cnth=\count100
\Gm@cntv=\count101
\c@Gm@tempcnt=\count102
\Gm@bindingoffset=\dimen121
\Gm@wd@mp=\dimen122
\Gm@odd@mp=\dimen123
\Gm@even@mp=\dimen124
\Gm@layoutwidth=\dimen125
\Gm@layoutheight=\dimen126
\Gm@layouthoffset=\dimen127
\Gm@layoutvoffset=\dimen128
\Gm@dimlist=\toks26

("C:\Users\Jorden\AppData\Local\Programs\MiKTeX 2.9\tex\xelatex\xetexconfig\geo
metry.cfg"))
("C:\Users\Jorden\AppData\Local\Programs\MiKTeX 2.9\tex\latex\fontspec\fontspec
.sty"
("C:\Users\Jorden\AppData\Local\Programs\MiKTeX 2.9\tex\latex\l3kernel\expl3.st
y"
Package: expl3 2016/05/18 v6512 L3 programming layer (loader) 

("C:\Users\Jorden\AppData\Local\Programs\MiKTeX 2.9\tex\latex\l3kernel\expl3-co
de.tex"
Package: expl3 2016/05/18 v6512 L3 programming layer (code)
L3 Module: l3bootstrap 2016/02/12 v6412 L3 Bootstrap code
L3 Module: l3names 2016/03/11 v6433 L3 Namespace for primitives
L3 Module: l3basics 2015/11/22 v6315 L3 Basic definitions
L3 Module: l3expan 2015/09/10 v5983 L3 Argument expansion
L3 Module: l3tl 2016/03/26 v6465 L3 Token lists
L3 Module: l3str 2016/03/24 v6441 L3 Strings
L3 Module: l3seq 2015/08/05 v5777 L3 Sequences and stacks
L3 Module: l3int 2016/03/24 v6441 L3 Integers
\c_max_int=\count103
\l_tmpa_int=\count104
\l_tmpb_int=\count105
\g_tmpa_int=\count106
\g_tmpb_int=\count107
L3 Module: l3quark 2015/08/17 v5855 L3 Quarks
L3 Module: l3prg 2015/11/01 v6216 L3 Control structures
\g__prg_map_int=\count108
L3 Module: l3clist 2015/09/02 v5901 L3 Comma separated lists
L3 Module: l3token 2016/04/03 v6470 L3 Experimental token manipulation
L3 Module: l3prop 2016/01/05 v6366 L3 Property lists
L3 Module: l3msg 2016/03/26 v6464 L3 Messages
L3 Module: l3file 2016/03/25 v6458 L3 File and I/O operations
\l_iow_line_count_int=\count109
\l__iow_target_count_int=\count110
\l__iow_current_line_int=\count111
\l__iow_current_word_int=\count112
\l__iow_current_indentation_int=\count113
L3 Module: l3skip 2016/01/05 v6366 L3 Dimensions and skips
\c_zero_dim=\dimen129
\c_max_dim=\dimen130
\l_tmpa_dim=\dimen131
\l_tmpb_dim=\dimen132
\g_tmpa_dim=\dimen133
\g_tmpb_dim=\dimen134
\c_zero_skip=\skip49
\c_max_skip=\skip50
\l_tmpa_skip=\skip51
\l_tmpb_skip=\skip52
\g_tmpa_skip=\skip53
\g_tmpb_skip=\skip54
\c_zero_muskip=\muskip11
\c_max_muskip=\muskip12
\l_tmpa_muskip=\muskip13
\l_tmpb_muskip=\muskip14
\g_tmpa_muskip=\muskip15
\g_tmpb_muskip=\muskip16
L3 Module: l3keys 2015/11/17 v6284 L3 Key-value interfaces
\g__keyval_level_int=\count114
\l_keys_choice_int=\count115
L3 Module: l3fp 2016/03/26 v6465 L3 Floating points
\c__fp_leading_shift_int=\count116
\c__fp_middle_shift_int=\count117
\c__fp_trailing_shift_int=\count118
\c__fp_big_leading_shift_int=\count119
\c__fp_big_middle_shift_int=\count120
\c__fp_big_trailing_shift_int=\count121
\c__fp_Bigg_leading_shift_int=\count122
\c__fp_Bigg_middle_shift_int=\count123
\c__fp_Bigg_trailing_shift_int=\count124
L3 Module: l3box 2015/08/09 v5822 L3 Experimental boxes
\c_empty_box=\box28
\l_tmpa_box=\box29
\l_tmpb_box=\box30
\g_tmpa_box=\box31
\g_tmpb_box=\box32
L3 Module: l3coffins 2016/05/17 v6508 L3 Coffin code layer
\l__coffin_internal_box=\box33
\l__coffin_internal_dim=\dimen135
\l__coffin_offset_x_dim=\dimen136
\l__coffin_offset_y_dim=\dimen137
\l__coffin_x_dim=\dimen138
\l__coffin_y_dim=\dimen139
\l__coffin_x_prime_dim=\dimen140
\l__coffin_y_prime_dim=\dimen141
\c_empty_coffin=\box34
\l__coffin_aligned_coffin=\box35
\l__coffin_aligned_internal_coffin=\box36
\l_tmpa_coffin=\box37
\l_tmpb_coffin=\box38
\l__coffin_display_coffin=\box39
\l__coffin_display_coord_coffin=\box40
\l__coffin_display_pole_coffin=\box41
\l__coffin_display_offset_dim=\dimen142
\l__coffin_display_x_dim=\dimen143
\l__coffin_display_y_dim=\dimen144
L3 Module: l3color 2014/08/23 v5354 L3 Experimental color support
L3 Module: l3sys 2015/09/25 v6087 L3 Experimental system/runtime functions
L3 Module: l3candidates 2016/05/13 v6484 L3 Experimental additions to l3kernel
\l__box_top_dim=\dimen145
\l__box_bottom_dim=\dimen146
\l__box_left_dim=\dimen147
\l__box_right_dim=\dimen148
\l__box_top_new_dim=\dimen149
\l__box_bottom_new_dim=\dimen150
\l__box_left_new_dim=\dimen151
\l__box_right_new_dim=\dimen152
\l__box_internal_box=\box42
\l__coffin_bounding_shift_dim=\dimen153
\l__coffin_left_corner_dim=\dimen154
\l__coffin_right_corner_dim=\dimen155
\l__coffin_bottom_corner_dim=\dimen156
\l__coffin_top_corner_dim=\dimen157
\l__coffin_scaled_total_height_dim=\dimen158
\l__coffin_scaled_width_dim=\dimen159
L3 Module: l3luatex 2016/03/26 v6465 L3 Experimental LuaTeX-specific functions
)
("C:\Users\Jorden\AppData\Local\Programs\MiKTeX 2.9\tex\latex\l3kernel\l3xdvipd
fmx.def"
File: l3xdvidpfmx.def 2016/03/26 v6465 L3 Experimental driver: xdvipdfmx
\l__driver_tmp_box=\box43
))
("C:\Users\Jorden\AppData\Local\Programs\MiKTeX 2.9\tex\latex\l3packages\xparse
\xparse.sty"
Package: xparse 2016/05/18 v6512 L3 Experimental document command parser
\l__xparse_current_arg_int=\count125
\l__xparse_m_args_int=\count126
\l__xparse_mandatory_args_int=\count127
\l__xparse_processor_int=\count128
\l__xparse_v_nesting_int=\count129
)
Package: fontspec 2016/02/01 v2.5a Font selection for XeLaTeX and LuaLaTeX

("C:\Users\Jorden\AppData\Local\Programs\MiKTeX 2.9\tex\latex\fontspec\fontspec
-xetex.sty"
Package: fontspec-xetex 2016/02/01 v2.5a Font selection for XeLaTeX and LuaLaTe
X
\l_fontspec_script_int=\count130
\l_fontspec_language_int=\count131
\l_fontspec_strnum_int=\count132
\l__fontspec_tmpa_dim=\dimen160
\l__fontspec_tmpb_dim=\dimen161
\l__fontspec_tmpc_dim=\dimen162
\g__file_internal_ior=\read1

("C:\Users\Jorden\AppData\Local\Programs\MiKTeX 2.9\tex\latex\base\fontenc.sty"
Package: fontenc 2016/06/19 v1.99m Standard LaTeX package
("C:\Users\Jorden\AppData\Local\Programs\MiKTeX 2.9\tex\latex\euenc\eu1enc.def"
File: eu1enc.def 2010/05/27 v0.1h Experimental Unicode font encodings
)
LaTeX Font Info:    Try loading font information for EU1+lmr on input line 105.

 ("C:\Users\Jorden\AppData\Local\Programs\MiKTeX 2.9\tex\latex\euenc\eu1lmr.fd"
File: eu1lmr.fd 2009/10/30 v1.6 Font defs for Latin Modern
))
("C:\Users\Jorden\AppData\Local\Programs\MiKTeX 2.9\tex\xelatex\xunicode\xunico
de.sty"
File: xunicode.sty 2011/09/09 v0.981 provides access to latin accents and many 
other characters in Unicode lower plane

("C:\Users\Jorden\AppData\Local\Programs\MiKTeX 2.9\tex\latex\tipa\t3enc.def"
File: t3enc.def 2001/12/31 T3 encoding
LaTeX Font Info:    Try loading font information for EU1+lmss on input line 357
.

("C:\Users\Jorden\AppData\Local\Programs\MiKTeX 2.9\tex\latex\euenc\eu1lmss.fd"
File: eu1lmss.fd 2009/10/30 v1.6 Font defs for Latin Modern
))
\tipaTiiicode=\count133
\tipasavetokens=\toks27
\tipachecktokens=\toks28
)
.................................................
. LaTeX info: "xparse/define-command"
. 
. Defining command \__fontspec_post_arg:w with sig. 'mmO{}' on line 353.
.................................................
.................................................
. LaTeX info: "xparse/define-command"
. 
. Defining command \fontspec with sig. 'om' on line 355.
.................................................
.................................................
. LaTeX info: "xparse/define-command"
. 
. Defining command \setmainfont with sig. 'om' on line 365.
.................................................
.................................................
. LaTeX info: "xparse/define-command"
. 
. Defining command \setsansfont with sig. 'om' on line 375.
.................................................
.................................................
. LaTeX info: "xparse/define-command"
. 
. Defining command \setmonofont with sig. 'om' on line 385.
.................................................
.................................................
. LaTeX info: "xparse/define-command"
. 
. Defining command \setmathrm with sig. 'om' on line 399.
.................................................
.................................................
. LaTeX info: "xparse/define-command"
. 
. Defining command \setboldmathrm with sig. 'om' on line 407.
.................................................
.................................................
. LaTeX info: "xparse/define-command"
. 
. Defining command \setmathsf with sig. 'om' on line 415.
.................................................
.................................................
. LaTeX info: "xparse/define-command"
. 
. Defining command \setmathtt with sig. 'om' on line 423.
.................................................
.................................................
. LaTeX info: "xparse/define-command"
. 
. Defining command \newfontfamily with sig. 'mom' on line 437.
.................................................
.................................................
. LaTeX info: "xparse/define-command"
. 
. Defining command \newfontface with sig. 'mom' on line 453.
.................................................
.................................................
. LaTeX info: "xparse/define-command"
. 
. Defining command \defaultfontfeatures with sig. 't+om' on line 467.
.................................................
.................................................
. LaTeX info: "xparse/define-command"
. 
. Defining command \addfontfeatures with sig. 'm' on line 529.
.................................................
.................................................
. LaTeX info: "xparse/define-command"
. 
. Defining command \newfontfeature with sig. 'mm' on line 540.
.................................................
.................................................
. LaTeX info: "xparse/define-command"
. 
. Defining command \newAATfeature with sig. 'mmmm' on line 548.
.................................................
.................................................
. LaTeX info: "xparse/define-command"
. 
. Defining command \newopentypefeature with sig. 'mmm' on line 556.
.................................................
.................................................
. LaTeX info: "xparse/define-command"
. 
. Defining command \aliasfontfeature with sig. 'mm' on line 577.
.................................................
.................................................
. LaTeX info: "xparse/define-command"
. 
. Defining command \aliasfontfeatureoption with sig. 'mmm' on line 586.
.................................................
.................................................
. LaTeX info: "xparse/define-command"
. 
. Defining command \newfontscript with sig. 'mm' on line 590.
.................................................
.................................................
. LaTeX info: "xparse/define-command"
. 
. Defining command \newfontlanguage with sig. 'mm' on line 594.
.................................................
.................................................
. LaTeX info: "xparse/define-command"
. 
. Defining command \DeclareFontsExtensions with sig. 'm' on line 599.
.................................................
\l__fontspec_tmp_int=\count134

("C:\Users\Jorden\AppData\Local\Programs\MiKTeX 2.9\tex\latex\fontspec\fontspec
.cfg")
LaTeX Info: Redefining \itshape on input line 2705.
LaTeX Info: Redefining \slshape on input line 2710.
LaTeX Info: Redefining \scshape on input line 2715.
LaTeX Info: Redefining \upshape on input line 2720.
\l__fontspec_em_int=\count135
\l__fontspec_emdef_int=\count136
LaTeX Info: Redefining \em on input line 2736.
LaTeX Info: Redefining \emph on input line 2742.
LaTeX Info: Redefining \- on input line 2746.
.................................................
. LaTeX info: "xparse/redefine-command"
. 
. Redefining command \oldstylenums with sig. 'm' on line 2841.
.................................................
.................................................
. LaTeX info: "xparse/define-command"
. 
. Defining command \liningnums with sig. 'm' on line 2845.
.................................................
))
("C:\Users\Jorden\AppData\Local\Programs\MiKTeX 2.9\tex\latex\tkz-euclide\tkz-e
uclide.sty"
Package: tkz-euclide 2011/06/01 1.16 c for plots 2d 

("C:\Users\Jorden\AppData\Local\Programs\MiKTeX 2.9\tex\latex\tkz-base\tkz-base
.sty"
Package: tkz-base 2011/06/01 1.16 c tkz-base

("C:\Users\Jorden\AppData\Local\Programs\MiKTeX 2.9\tex\latex\misc\etex.sty"
Package: etex 2016/08/01 v2.7 eTeX basic definition package (PEB,DPC)
\et@xins=\count137
)
("C:\Users\Jorden\AppData\Local\Programs\MiKTeX 2.9\tex\latex\pgf\frontendlayer
\tikz.sty"
("C:\Users\Jorden\AppData\Local\Programs\MiKTeX 2.9\tex\latex\pgf\basiclayer\pg
f.sty"
("C:\Users\Jorden\AppData\Local\Programs\MiKTeX 2.9\tex\latex\pgf\utilities\pgf
rcs.sty"
("C:\Users\Jorden\AppData\Local\Programs\MiKTeX 2.9\tex\generic\pgf\utilities\p
gfutil-common.tex"
\pgfutil@everybye=\toks29
\pgfutil@tempdima=\dimen163
\pgfutil@tempdimb=\dimen164

("C:\Users\Jorden\AppData\Local\Programs\MiKTeX 2.9\tex\generic\pgf\utilities\p
gfutil-common-lists.tex"))
("C:\Users\Jorden\AppData\Local\Programs\MiKTeX 2.9\tex\generic\pgf\utilities\p
gfutil-latex.def"
\pgfutil@abb=\box44

("C:\Users\Jorden\AppData\Local\Programs\MiKTeX 2.9\tex\latex\ms\everyshi.sty"
Package: everyshi 2001/05/15 v3.00 EveryShipout Package (MS)
))
("C:\Users\Jorden\AppData\Local\Programs\MiKTeX 2.9\tex\generic\pgf\utilities\p
gfrcs.code.tex"
Package: pgfrcs 2015/08/07 v3.0.1a (rcs-revision 1.31)
))
Package: pgf 2015/08/07 v3.0.1a (rcs-revision 1.15)

("C:\Users\Jorden\AppData\Local\Programs\MiKTeX 2.9\tex\latex\pgf\basiclayer\pg
fcore.sty"
("C:\Users\Jorden\AppData\Local\Programs\MiKTeX 2.9\tex\latex\pgf\systemlayer\p
gfsys.sty"
("C:\Users\Jorden\AppData\Local\Programs\MiKTeX 2.9\tex\generic\pgf\systemlayer
\pgfsys.code.tex"
Package: pgfsys 2014/07/09 v3.0.1a (rcs-revision 1.48)

("C:\Users\Jorden\AppData\Local\Programs\MiKTeX 2.9\tex\generic\pgf\utilities\p
gfkeys.code.tex"
\pgfkeys@pathtoks=\toks30
\pgfkeys@temptoks=\toks31

("C:\Users\Jorden\AppData\Local\Programs\MiKTeX 2.9\tex\generic\pgf\utilities\p
gfkeysfiltered.code.tex"
\pgfkeys@tmptoks=\toks32
))
\pgf@x=\dimen165
\pgf@y=\dimen166
\pgf@xa=\dimen167
\pgf@ya=\dimen168
\pgf@xb=\dimen169
\pgf@yb=\dimen170
\pgf@xc=\dimen171
\pgf@yc=\dimen172
\w@pgf@writea=\write3
\r@pgf@reada=\read2
\c@pgf@counta=\count138
\c@pgf@countb=\count139
\c@pgf@countc=\count140
\c@pgf@countd=\count141
\t@pgf@toka=\toks33
\t@pgf@tokb=\toks34
\t@pgf@tokc=\toks35

("C:\Users\Jorden\AppData\Local\Programs\MiKTeX 2.9\tex\generic\pgf\systemlayer
\pgf.cfg"
File: pgf.cfg 2008/05/14  (rcs-revision 1.7)
)
Driver file for pgf: pgfsys-xetex.def

("C:\Users\Jorden\AppData\Local\Programs\MiKTeX 2.9\tex\generic\pgf\systemlayer
\pgfsys-xetex.def"
File: pgfsys-xetex.def 2014/07/09  (rcs-revision 1.11)

("C:\Users\Jorden\AppData\Local\Programs\MiKTeX 2.9\tex\generic\pgf\systemlayer
\pgfsys-dvipdfmx.def"
File: pgfsys-dvipdfmx.def 2014/07/09  (rcs-revision 1.14)

("C:\Users\Jorden\AppData\Local\Programs\MiKTeX 2.9\tex\generic\pgf\systemlayer
\pgfsys-common-pdf.def"
File: pgfsys-common-pdf.def 2013/10/10  (rcs-revision 1.13)
)
\pgfsys@objnum=\count142
)))
("C:\Users\Jorden\AppData\Local\Programs\MiKTeX 2.9\tex\generic\pgf\systemlayer
\pgfsyssoftpath.code.tex"
File: pgfsyssoftpath.code.tex 2013/09/09  (rcs-revision 1.9)
\pgfsyssoftpath@smallbuffer@items=\count143
\pgfsyssoftpath@bigbuffer@items=\count144
)
("C:\Users\Jorden\AppData\Local\Programs\MiKTeX 2.9\tex\generic\pgf\systemlayer
\pgfsysprotocol.code.tex"
File: pgfsysprotocol.code.tex 2006/10/16  (rcs-revision 1.4)
))
("C:\Users\Jorden\AppData\Local\Programs\MiKTeX 2.9\tex\generic\pgf\basiclayer\
pgfcore.code.tex"
Package: pgfcore 2010/04/11 v3.0.1a (rcs-revision 1.7)

("C:\Users\Jorden\AppData\Local\Programs\MiKTeX 2.9\tex\generic\pgf\math\pgfmat
h.code.tex"
("C:\Users\Jorden\AppData\Local\Programs\MiKTeX 2.9\tex\generic\pgf\math\pgfmat
hcalc.code.tex"
("C:\Users\Jorden\AppData\Local\Programs\MiKTeX 2.9\tex\generic\pgf\math\pgfmat
hutil.code.tex")
("C:\Users\Jorden\AppData\Local\Programs\MiKTeX 2.9\tex\generic\pgf\math\pgfmat
hparser.code.tex"
\pgfmath@dimen=\dimen173
\pgfmath@count=\count145
\pgfmath@box=\box45
\pgfmath@toks=\toks36
\pgfmath@stack@operand=\toks37
\pgfmath@stack@operation=\toks38
)
("C:\Users\Jorden\AppData\Local\Programs\MiKTeX 2.9\tex\generic\pgf\math\pgfmat
hfunctions.code.tex"
("C:\Users\Jorden\AppData\Local\Programs\MiKTeX 2.9\tex\generic\pgf\math\pgfmat
hfunctions.basic.code.tex")
("C:\Users\Jorden\AppData\Local\Programs\MiKTeX 2.9\tex\generic\pgf\math\pgfmat
hfunctions.trigonometric.code.tex")
("C:\Users\Jorden\AppData\Local\Programs\MiKTeX 2.9\tex\generic\pgf\math\pgfmat
hfunctions.random.code.tex")
("C:\Users\Jorden\AppData\Local\Programs\MiKTeX 2.9\tex\generic\pgf\math\pgfmat
hfunctions.comparison.code.tex")
("C:\Users\Jorden\AppData\Local\Programs\MiKTeX 2.9\tex\generic\pgf\math\pgfmat
hfunctions.base.code.tex")
("C:\Users\Jorden\AppData\Local\Programs\MiKTeX 2.9\tex\generic\pgf\math\pgfmat
hfunctions.round.code.tex")
("C:\Users\Jorden\AppData\Local\Programs\MiKTeX 2.9\tex\generic\pgf\math\pgfmat
hfunctions.misc.code.tex")
("C:\Users\Jorden\AppData\Local\Programs\MiKTeX 2.9\tex\generic\pgf\math\pgfmat
hfunctions.integerarithmetics.code.tex")))
("C:\Users\Jorden\AppData\Local\Programs\MiKTeX 2.9\tex\generic\pgf\math\pgfmat
hfloat.code.tex"
\c@pgfmathroundto@lastzeros=\count146
))
("C:\Users\Jorden\AppData\Local\Programs\MiKTeX 2.9\tex\generic\pgf\basiclayer\
pgfcorepoints.code.tex"
File: pgfcorepoints.code.tex 2013/10/07  (rcs-revision 1.27)
\pgf@picminx=\dimen174
\pgf@picmaxx=\dimen175
\pgf@picminy=\dimen176
\pgf@picmaxy=\dimen177
\pgf@pathminx=\dimen178
\pgf@pathmaxx=\dimen179
\pgf@pathminy=\dimen180
\pgf@pathmaxy=\dimen181
\pgf@xx=\dimen182
\pgf@xy=\dimen183
\pgf@yx=\dimen184
\pgf@yy=\dimen185
\pgf@zx=\dimen186
\pgf@zy=\dimen187
)
("C:\Users\Jorden\AppData\Local\Programs\MiKTeX 2.9\tex\generic\pgf\basiclayer\
pgfcorepathconstruct.code.tex"
File: pgfcorepathconstruct.code.tex 2013/10/07  (rcs-revision 1.29)
\pgf@path@lastx=\dimen188
\pgf@path@lasty=\dimen189
)
("C:\Users\Jorden\AppData\Local\Programs\MiKTeX 2.9\tex\generic\pgf\basiclayer\
pgfcorepathusage.code.tex"
File: pgfcorepathusage.code.tex 2014/11/02  (rcs-revision 1.24)
\pgf@shorten@end@additional=\dimen190
\pgf@shorten@start@additional=\dimen191
)
("C:\Users\Jorden\AppData\Local\Programs\MiKTeX 2.9\tex\generic\pgf\basiclayer\
pgfcorescopes.code.tex"
File: pgfcorescopes.code.tex 2015/05/08  (rcs-revision 1.46)
\pgfpic=\box46
\pgf@hbox=\box47
\pgf@layerbox@main=\box48
\pgf@picture@serial@count=\count147
)
("C:\Users\Jorden\AppData\Local\Programs\MiKTeX 2.9\tex\generic\pgf\basiclayer\
pgfcoregraphicstate.code.tex"
File: pgfcoregraphicstate.code.tex 2014/11/02  (rcs-revision 1.12)
\pgflinewidth=\dimen192
)
("C:\Users\Jorden\AppData\Local\Programs\MiKTeX 2.9\tex\generic\pgf\basiclayer\
pgfcoretransformations.code.tex"
File: pgfcoretransformations.code.tex 2015/08/07  (rcs-revision 1.20)
\pgf@pt@x=\dimen193
\pgf@pt@y=\dimen194
\pgf@pt@temp=\dimen195
)
("C:\Users\Jorden\AppData\Local\Programs\MiKTeX 2.9\tex\generic\pgf\basiclayer\
pgfcorequick.code.tex"
File: pgfcorequick.code.tex 2008/10/09  (rcs-revision 1.3)
)
("C:\Users\Jorden\AppData\Local\Programs\MiKTeX 2.9\tex\generic\pgf\basiclayer\
pgfcoreobjects.code.tex"
File: pgfcoreobjects.code.tex 2006/10/11  (rcs-revision 1.2)
)
("C:\Users\Jorden\AppData\Local\Programs\MiKTeX 2.9\tex\generic\pgf\basiclayer\
pgfcorepathprocessing.code.tex"
File: pgfcorepathprocessing.code.tex 2013/09/09  (rcs-revision 1.9)
)
("C:\Users\Jorden\AppData\Local\Programs\MiKTeX 2.9\tex\generic\pgf\basiclayer\
pgfcorearrows.code.tex"
File: pgfcorearrows.code.tex 2015/05/14  (rcs-revision 1.43)
\pgfarrowsep=\dimen196
)
("C:\Users\Jorden\AppData\Local\Programs\MiKTeX 2.9\tex\generic\pgf\basiclayer\
pgfcoreshade.code.tex"
File: pgfcoreshade.code.tex 2013/07/15  (rcs-revision 1.15)
\pgf@max=\dimen197
\pgf@sys@shading@range@num=\count148
)
("C:\Users\Jorden\AppData\Local\Programs\MiKTeX 2.9\tex\generic\pgf\basiclayer\
pgfcoreimage.code.tex"
File: pgfcoreimage.code.tex 2013/07/15  (rcs-revision 1.18)

("C:\Users\Jorden\AppData\Local\Programs\MiKTeX 2.9\tex\generic\pgf\basiclayer\
pgfcoreexternal.code.tex"
File: pgfcoreexternal.code.tex 2014/07/09  (rcs-revision 1.21)
\pgfexternal@startupbox=\box49
))
("C:\Users\Jorden\AppData\Local\Programs\MiKTeX 2.9\tex\generic\pgf\basiclayer\
pgfcorelayers.code.tex"
File: pgfcorelayers.code.tex 2013/07/18  (rcs-revision 1.7)
)
("C:\Users\Jorden\AppData\Local\Programs\MiKTeX 2.9\tex\generic\pgf\basiclayer\
pgfcoretransparency.code.tex"
File: pgfcoretransparency.code.tex 2013/09/30  (rcs-revision 1.5)
)
("C:\Users\Jorden\AppData\Local\Programs\MiKTeX 2.9\tex\generic\pgf\basiclayer\
pgfcorepatterns.code.tex"
File: pgfcorepatterns.code.tex 2013/11/07  (rcs-revision 1.5)
)))
("C:\Users\Jorden\AppData\Local\Programs\MiKTeX 2.9\tex\generic\pgf\modules\pgf
moduleshapes.code.tex"
File: pgfmoduleshapes.code.tex 2014/03/21  (rcs-revision 1.35)
\pgfnodeparttextbox=\box50
)
("C:\Users\Jorden\AppData\Local\Programs\MiKTeX 2.9\tex\generic\pgf\modules\pgf
moduleplot.code.tex"
File: pgfmoduleplot.code.tex 2015/08/03  (rcs-revision 1.13)
)
("C:\Users\Jorden\AppData\Local\Programs\MiKTeX 2.9\tex\latex\pgf\compatibility
\pgfcomp-version-0-65.sty"
Package: pgfcomp-version-0-65 2007/07/03 v3.0.1a (rcs-revision 1.7)
\pgf@nodesepstart=\dimen198
\pgf@nodesepend=\dimen199
)
("C:\Users\Jorden\AppData\Local\Programs\MiKTeX 2.9\tex\latex\pgf\compatibility
\pgfcomp-version-1-18.sty"
Package: pgfcomp-version-1-18 2007/07/23 v3.0.1a (rcs-revision 1.1)
))
("C:\Users\Jorden\AppData\Local\Programs\MiKTeX 2.9\tex\latex\pgf\utilities\pgf
for.sty"
("C:\Users\Jorden\AppData\Local\Programs\MiKTeX 2.9\tex\latex\pgf\utilities\pgf
keys.sty"
("C:\Users\Jorden\AppData\Local\Programs\MiKTeX 2.9\tex\generic\pgf\utilities\p
gfkeys.code.tex"))
("C:\Users\Jorden\AppData\Local\Programs\MiKTeX 2.9\tex\latex\pgf\math\pgfmath.
sty"
("C:\Users\Jorden\AppData\Local\Programs\MiKTeX 2.9\tex\generic\pgf\math\pgfmat
h.code.tex"))
("C:\Users\Jorden\AppData\Local\Programs\MiKTeX 2.9\tex\generic\pgf\utilities\p
gffor.code.tex"
Package: pgffor 2013/12/13 v3.0.1a (rcs-revision 1.25)

("C:\Users\Jorden\AppData\Local\Programs\MiKTeX 2.9\tex\generic\pgf\math\pgfmat
h.code.tex")
Normal \dimen register pool exhausted, switching to extended pool.
\pgffor@iter=\dimen256
\pgffor@skip=\dimen257
\pgffor@stack=\toks39
\pgffor@toks=\toks40
))
("C:\Users\Jorden\AppData\Local\Programs\MiKTeX 2.9\tex\generic\pgf\frontendlay
er\tikz\tikz.code.tex"
Package: tikz 2015/08/07 v3.0.1a (rcs-revision 1.151)

("C:\Users\Jorden\AppData\Local\Programs\MiKTeX 2.9\tex\generic\pgf\libraries\p
gflibraryplothandlers.code.tex"
File: pgflibraryplothandlers.code.tex 2013/08/31 v3.0.1a (rcs-revision 1.20)
\pgf@plot@mark@count=\count149
\pgfplotmarksize=\dimen258
)
\tikz@lastx=\dimen259
\tikz@lasty=\dimen260
\tikz@lastxsaved=\dimen261
\tikz@lastysaved=\dimen262
\tikzleveldistance=\dimen263
\tikzsiblingdistance=\dimen264
\tikz@figbox=\box51
\tikz@figbox@bg=\box52
\tikz@tempbox=\box53
\tikz@tempbox@bg=\box54
\tikztreelevel=\count150
\tikznumberofchildren=\count151
\tikznumberofcurrentchild=\count152
\tikz@fig@count=\count153

("C:\Users\Jorden\AppData\Local\Programs\MiKTeX 2.9\tex\generic\pgf\modules\pgf
modulematrix.code.tex"
File: pgfmodulematrix.code.tex 2013/09/17  (rcs-revision 1.8)
\pgfmatrixcurrentrow=\count154
\pgfmatrixcurrentcolumn=\count155
\pgf@matrix@numberofcolumns=\count156
)
\tikz@expandcount=\count157

("C:\Users\Jorden\AppData\Local\Programs\MiKTeX 2.9\tex\generic\pgf\frontendlay
er\tikz\libraries\tikzlibrarytopaths.code.tex"
File: tikzlibrarytopaths.code.tex 2008/06/17 v3.0.1a (rcs-revision 1.2)
)))
("C:\Users\Jorden\AppData\Local\Programs\MiKTeX 2.9\tex\generic\pgf\frontendlay
er\tikz\libraries\tikzlibrarycalc.code.tex"
File: tikzlibrarycalc.code.tex 2013/07/15 v3.0.1a (rcs-revision 1.9)
)
("C:\Users\Jorden\AppData\Local\Programs\MiKTeX 2.9\tex\generic\pgf\frontendlay
er\tikz\libraries\tikzlibraryarrows.code.tex"
File: tikzlibraryarrows.code.tex 2008/01/09 v3.0.1a (rcs-revision 1.1)

("C:\Users\Jorden\AppData\Local\Programs\MiKTeX 2.9\tex\generic\pgf\libraries\p
gflibraryarrows.code.tex"
File: pgflibraryarrows.code.tex 2013/09/23 v3.0.1a (rcs-revision 1.16)
\arrowsize=\dimen265
))
("C:\Users\Jorden\AppData\Local\Programs\MiKTeX 2.9\tex\generic\pgf\frontendlay
er\tikz\libraries\tikzlibraryplotmarks.code.tex"
File: tikzlibraryplotmarks.code.tex 2008/01/09 v3.0.1a (rcs-revision 1.1)

("C:\Users\Jorden\AppData\Local\Programs\MiKTeX 2.9\tex\generic\pgf\libraries\p
gflibraryplotmarks.code.tex"
File: pgflibraryplotmarks.code.tex 2015/08/03 v3.0.1a (rcs-revision 1.14)
))
("C:\Users\Jorden\AppData\Local\Programs\MiKTeX 2.9\tex\generic\pgf\frontendlay
er\tikz\libraries\tikzlibrarypositioning.code.tex"
File: tikzlibrarypositioning.code.tex 2008/10/06 v3.0.1a (rcs-revision 1.7)
)
("C:\Users\Jorden\AppData\Local\Programs\MiKTeX 2.9\tex\generic\pgf\frontendlay
er\tikz\libraries\tikzlibraryshapes.misc.code.tex"
File: tikzlibraryshapes.misc.code.tex 2008/01/09 v3.0.1a (rcs-revision 1.1)

("C:\Users\Jorden\AppData\Local\Programs\MiKTeX 2.9\tex\generic\pgf\libraries\s
hapes\pgflibraryshapes.misc.code.tex"
File: pgflibraryshapes.misc.code.tex 2013/07/18 v3.0.1a (rcs-revision 1.5)
))
("C:\Users\Jorden\AppData\Local\Programs\MiKTeX 2.9\tex\generic\pgf\frontendlay
er\tikz\libraries\tikzlibrarydecorations.code.tex"
("C:\Users\Jorden\AppData\Local\Programs\MiKTeX 2.9\tex\generic\pgf\modules\pgf
moduledecorations.code.tex"
\pgfdecoratedcompleteddistance=\dimen266
\pgfdecoratedremainingdistance=\dimen267
\pgfdecoratedinputsegmentcompleteddistance=\dimen268
\pgfdecoratedinputsegmentremainingdistance=\dimen269
\pgf@decorate@distancetomove=\dimen270
\pgf@decorate@repeatstate=\count158
\pgfdecorationsegmentamplitude=\dimen271
\pgfdecorationsegmentlength=\dimen272
)
\tikz@lib@dec@box=\box55
)
("C:\Users\Jorden\AppData\Local\Programs\MiKTeX 2.9\tex\generic\pgf\frontendlay
er\tikz\libraries\tikzlibrarydecorations.markings.code.tex"
("C:\Users\Jorden\AppData\Local\Programs\MiKTeX 2.9\tex\generic\pgf\libraries\d
ecorations\pgflibrarydecorations.markings.code.tex"))
("C:\Users\Jorden\AppData\Local\Programs\MiKTeX 2.9\tex\generic\pgf\frontendlay
er\tikz\libraries\tikzlibrarydecorations.pathreplacing.code.tex"
("C:\Users\Jorden\AppData\Local\Programs\MiKTeX 2.9\tex\generic\pgf\libraries\d
ecorations\pgflibrarydecorations.pathreplacing.code.tex"))
("C:\Users\Jorden\AppData\Local\Programs\MiKTeX 2.9\tex\generic\pgf\frontendlay
er\tikz\libraries\tikzlibrarypatterns.code.tex"
File: tikzlibrarypatterns.code.tex 2008/01/15 v3.0.1a (rcs-revision 1.2)

("C:\Users\Jorden\AppData\Local\Programs\MiKTeX 2.9\tex\generic\pgf\libraries\p
gflibrarypatterns.code.tex"
File: pgflibrarypatterns.code.tex 2008/03/03 v3.0.1a (rcs-revision 1.13)
))
("C:\Users\Jorden\AppData\Local\Programs\MiKTeX 2.9\tex\latex\numprint\numprint
.sty"
Package: numprint 2012/08/20 v1.39 Print numbers (HH)

("C:\Users\Jorden\AppData\Local\Programs\MiKTeX 2.9\tex\latex\tools\array.sty"
Package: array 2014/10/28 v2.4c Tabular extension package (FMi)
\col@sep=\dimen273
\extrarowheight=\dimen274
\NC@list=\toks41
\extratabsurround=\skip55
\backup@length=\skip56
)
\c@nprt@mantissa@digitsbefore=\count159
\c@nprt@mantissa@digitsafter=\count160
\c@nprt@exponent@digitsbefore=\count161
\c@nprt@exponent@digitsafter=\count162
\nprt@digitwidth=\skip57
\nprt@sepwidth=\skip58
\nprt@decimalwidth=\skip59
\nprt@blockwidth=\skip60
\nprt@digittoks=\toks42
\nprt@pretoks=\toks43
\nprt@posttoks=\toks44
\nprt@thisdigit=\count163
\nprt@curpos=\count164
\nprt@rndpos=\count165
\c@nprt@digitsfirstblock=\count166
\c@nprt@blockcnt=\count167
\c@nprt@cntprint=\count168
No configuration file `numprint.cfg' found.)
("C:\Users\Jorden\AppData\Local\Programs\MiKTeX 2.9\tex\latex\fp\fp.sty"
Package: fp 1995/04/02

`Fixed Point Package', Version 0.8, April 2, 1995 (C) Michael Mehlich
("C:\Users\Jorden\AppData\Local\Programs\MiKTeX 2.9\tex\latex\fp\defpattern.sty
"
Package: defpattern 1994/10/12
\actioncount=\count169
) ("C:\Users\Jorden\AppData\Local\Programs\MiKTeX 2.9\tex\latex\fp\fp-basic.sty
"
Package: fp-basic 1996/05/13
\FP@xs=\count170
\FP@xia=\count171
\FP@xib=\count172
\FP@xfa=\count173
\FP@xfb=\count174
\FP@rega=\count175
\FP@regb=\count176
\FP@regs=\count177
\FP@times=\count178
)
("C:\Users\Jorden\AppData\Local\Programs\MiKTeX 2.9\tex\latex\fp\fp-addons.sty"
Package: fp-addons 1995/03/15
) ("C:\Users\Jorden\AppData\Local\Programs\MiKTeX 2.9\tex\latex\fp\fp-snap.sty"
Package: fp-snap 1995/04/05
) ("C:\Users\Jorden\AppData\Local\Programs\MiKTeX 2.9\tex\latex\fp\fp-exp.sty"
Package: fp-exp 1995/04/03
) ("C:\Users\Jorden\AppData\Local\Programs\MiKTeX 2.9\tex\latex\fp\fp-trigo.sty
"
Package: fp-trigo 1995/04/14
) ("C:\Users\Jorden\AppData\Local\Programs\MiKTeX 2.9\tex\latex\fp\fp-pas.sty"
Package: fp-pas 1994/08/29
) ("C:\Users\Jorden\AppData\Local\Programs\MiKTeX 2.9\tex\latex\fp\fp-random.st
y"
Package: fp-random 1995/02/23
\FPseed=\count179
) ("C:\Users\Jorden\AppData\Local\Programs\MiKTeX 2.9\tex\latex\fp\fp-eqn.sty"
Package: fp-eqn 1995/04/03
) ("C:\Users\Jorden\AppData\Local\Programs\MiKTeX 2.9\tex\latex\fp\fp-upn.sty"
Package: fp-upn 1996/10/21
) ("C:\Users\Jorden\AppData\Local\Programs\MiKTeX 2.9\tex\latex\fp\fp-eval.sty"
Package: fp-eval 1995/04/03
))
\tkzRadius=\dimen275
\tkzLength=\dimen276
\tkz@radi=\dimen277
\tkz@ax=\dimen278
\tkz@ay=\dimen279
\tkz@bx=\dimen280
\tkz@by=\dimen281
\tkz@cx=\dimen282
\tkz@cy=\dimen283
\tkz@dx=\dimen284
\tkz@dy=\dimen285

("C:\Users\Jorden\AppData\Local\Programs\MiKTeX 2.9\tex\latex\tkz-base\tkz-tool
s-utilities.tex")
("C:\Users\Jorden\AppData\Local\Programs\MiKTeX 2.9\tex\latex\tkz-base\tkz-tool
s-arith.tex"
File: tkz-tool-arith.tex tkz-tool-arith 1.161 c
)
("C:\Users\Jorden\AppData\Local\Programs\MiKTeX 2.9\tex\latex\tkz-base\tkz-tool
s-base.tex")
("C:\Users\Jorden\AppData\Local\Programs\MiKTeX 2.9\tex\latex\tkz-base\tkz-tool
s-misc.tex")
("C:\Users\Jorden\AppData\Local\Programs\MiKTeX 2.9\tex\latex\tkz-base\tkz-tool
s-math.tex")
("C:\Users\Jorden\AppData\Local\Programs\MiKTeX 2.9\tex\latex\tkz-base\tkz-obj-
points.tex")
("C:\Users\Jorden\AppData\Local\Programs\MiKTeX 2.9\tex\latex\tkz-base\tkz-obj-
segments.tex")
("C:\Users\Jorden\AppData\Local\Programs\MiKTeX 2.9\tex\latex\tkz-base\tkz-obj-
marks.tex"
\tkz@cntmk=\count180
))
("C:\Users\Jorden\AppData\Local\Programs\MiKTeX 2.9\tex\latex\tkz-euclide\tkz-t
ools-intersections.tex")
("C:\Users\Jorden\AppData\Local\Programs\MiKTeX 2.9\tex\latex\tkz-euclide\tkz-t
ools-transformations.tex")
("C:\Users\Jorden\AppData\Local\Programs\MiKTeX 2.9\tex\latex\tkz-euclide\tkz-o
bj-lines.tex")
("C:\Users\Jorden\AppData\Local\Programs\MiKTeX 2.9\tex\latex\tkz-euclide\tkz-l
ib-symbols.tex")
("C:\Users\Jorden\AppData\Local\Programs\MiKTeX 2.9\tex\latex\tkz-euclide\tkz-o
bj-circles.tex")
("C:\Users\Jorden\AppData\Local\Programs\MiKTeX 2.9\tex\latex\tkz-euclide\tkz-o
bj-addpoints.tex"))
("C:\Users\Jorden\AppData\Local\Programs\MiKTeX 2.9\tex\latex\tools\multicol.st
y"
Package: multicol 2016/04/07 v1.8p multicolumn formatting (FMi)
\c@tracingmulticols=\count181
\mult@box=\box56
\multicol@leftmargin=\dimen286
\c@unbalance=\count182
\c@collectmore=\count183
\doublecol@number=\count184
\multicoltolerance=\count185
\multicolpretolerance=\count186
\full@width=\dimen287
\page@free=\dimen288
\premulticols=\dimen289
\postmulticols=\dimen290
\multicolsep=\skip61
\multicolbaselineskip=\skip62
\partial@page=\box57
\last@line=\box58
\maxbalancingoverflow=\dimen291
\mult@rightbox=\box59
\mult@grightbox=\box60
\mult@gfirstbox=\box61
\mult@firstbox=\box62
\@tempa=\box63
\@tempa=\box64
\@tempa=\box65
\@tempa=\box66
\@tempa=\box67
\@tempa=\box68
\@tempa=\box69
\@tempa=\box70
\@tempa=\box71
\@tempa=\box72
\@tempa=\box73
\@tempa=\box74
\@tempa=\box75
\@tempa=\box76
\@tempa=\box77
\@tempa=\box78
\@tempa=\box79
\c@columnbadness=\count187
\c@finalcolumnbadness=\count188
\last@try=\dimen292
\multicolovershoot=\dimen293
\multicolundershoot=\dimen294
\mult@nat@firstbox=\box80
\colbreak@box=\box81
\mc@col@check@num=\count189
)
("C:\Users\Jorden\AppData\Local\Programs\MiKTeX 2.9\tex\latex\pgfplots\pgfplots
.sty"
("C:\Users\Jorden\AppData\Local\Programs\MiKTeX 2.9\tex\generic\pgfplots\pgfplo
ts.revision.tex")
Package: pgfplots 2016/08/10 v1.14 Data Visualization (1.14)

("C:\Users\Jorden\AppData\Local\Programs\MiKTeX 2.9\tex\generic\pgfplots\pgfplo
ts.code.tex"
("C:\Users\Jorden\AppData\Local\Programs\MiKTeX 2.9\tex\generic\pgfplots\pgfplo
tscore.code.tex"
\t@pgfplots@toka=\toks45
\t@pgfplots@tokb=\toks46
\t@pgfplots@tokc=\toks47
\pgfplots@tmpa=\dimen295
\c@pgfplots@coordindex=\count190
\c@pgfplots@scanlineindex=\count191

("C:\Users\Jorden\AppData\Local\Programs\MiKTeX 2.9\tex\generic\pgfplots\sys\pg
fplotssysgeneric.code.tex"))
("C:\Users\Jorden\AppData\Local\Programs\MiKTeX 2.9\tex\generic\pgfplots\libs\p
gfplotslibrary.code.tex")
("C:\Users\Jorden\AppData\Local\Programs\MiKTeX 2.9\tex\generic\pgfplots\oldpgf
compatib\pgfplotsoldpgfsupp_loader.code.tex"
("C:\Users\Jorden\AppData\Local\Programs\MiKTeX 2.9\tex\generic\pgf\libraries\p
gflibraryfpu.code.tex")
Package pgfplots: loading complementary arithmetics for your pgf version...

("C:\Users\Jorden\AppData\Local\Programs\MiKTeX 2.9\tex\generic\pgfplots\oldpgf
compatib\pgfplotsoldpgfsupp_pgflibraryfpu.code.tex")
("C:\Users\Jorden\AppData\Local\Programs\MiKTeX 2.9\tex\generic\pgfplots\oldpgf
compatib\pgfplotsoldpgfsupp_pgfmathfloat.code.tex"
\c@pgfmathroundto@lastzeros=\count192
))
("C:\Users\Jorden\AppData\Local\Programs\MiKTeX 2.9\tex\generic\pgfplots\util\p
gfplotsutil.code.tex"
("C:\Users\Jorden\AppData\Local\Programs\MiKTeX 2.9\tex\generic\pgfplots\listst
ructure\pgfplotsliststructure.code.tex")
("C:\Users\Jorden\AppData\Local\Programs\MiKTeX 2.9\tex\generic\pgfplots\listst
ructure\pgfplotsliststructureext.code.tex")
("C:\Users\Jorden\AppData\Local\Programs\MiKTeX 2.9\tex\generic\pgfplots\listst
ructure\pgfplotsarray.code.tex"
\c@pgfplotsarray@tmp=\count193
)
("C:\Users\Jorden\AppData\Local\Programs\MiKTeX 2.9\tex\generic\pgfplots\listst
ructure\pgfplotsmatrix.code.tex")
("C:\Users\Jorden\AppData\Local\Programs\MiKTeX 2.9\tex\generic\pgfplots\numtab
le\pgfplotstableshared.code.tex"
\c@pgfplotstable@counta=\count194
\t@pgfplotstable@a=\toks48
)
("C:\Users\Jorden\AppData\Local\Programs\MiKTeX 2.9\tex\generic\pgfplots\listst
ructure\pgfplotsdeque.code.tex")
("C:\Users\Jorden\AppData\Local\Programs\MiKTeX 2.9\tex\generic\pgfplots\util\p
gfplotsbinary.code.tex"
("C:\Users\Jorden\AppData\Local\Programs\MiKTeX 2.9\tex\generic\pgfplots\util\p
gfplotsbinary.data.code.tex"))
("C:\Users\Jorden\AppData\Local\Programs\MiKTeX 2.9\tex\generic\pgfplots\util\p
gfplotsutil.verb.code.tex")
("C:\Users\Jorden\AppData\Local\Programs\MiKTeX 2.9\tex\generic\pgfplots\libs\p
gflibrarypgfplots.surfshading.code.tex"
\c@pgfplotslibrarysurf@no=\count195

("C:\Users\Jorden\AppData\Local\Programs\MiKTeX 2.9\tex\generic\pgfplots\sys\pg
flibrarypgfplots.surfshading.pgfsys-xetex.def"
("C:\Users\Jorden\AppData\Local\Programs\MiKTeX 2.9\tex\generic\pgfplots\sys\pg
flibrarypgfplots.surfshading.pgfsys-dvipdfmx.def"
\c@pgfplotslibrarysurf@streamlen=\count196
))))
("C:\Users\Jorden\AppData\Local\Programs\MiKTeX 2.9\tex\generic\pgfplots\util\p
gfplotscolormap.code.tex"
("C:\Users\Jorden\AppData\Local\Programs\MiKTeX 2.9\tex\generic\pgfplots\util\p
gfplotscolor.code.tex"))
("C:\Users\Jorden\AppData\Local\Programs\MiKTeX 2.9\tex\generic\pgfplots\pgfplo
tsstackedplots.code.tex")
("C:\Users\Jorden\AppData\Local\Programs\MiKTeX 2.9\tex\generic\pgfplots\pgfplo
tsplothandlers.code.tex"
("C:\Users\Jorden\AppData\Local\Programs\MiKTeX 2.9\tex\generic\pgfplots\pgfplo
tsmeshplothandler.code.tex"
("C:\Users\Jorden\AppData\Local\Programs\MiKTeX 2.9\tex\generic\pgfplots\pgfplo
tsmeshplotimage.code.tex")))
("C:\Users\Jorden\AppData\Local\Programs\MiKTeX 2.9\tex\generic\pgfplots\pgfplo
ts.scaling.code.tex")
("C:\Users\Jorden\AppData\Local\Programs\MiKTeX 2.9\tex\generic\pgfplots\pgfplo
tscoordprocessing.code.tex")
("C:\Users\Jorden\AppData\Local\Programs\MiKTeX 2.9\tex\generic\pgfplots\pgfplo
ts.errorbars.code.tex")
("C:\Users\Jorden\AppData\Local\Programs\MiKTeX 2.9\tex\generic\pgfplots\pgfplo
ts.markers.code.tex")
("C:\Users\Jorden\AppData\Local\Programs\MiKTeX 2.9\tex\generic\pgfplots\pgfplo
tsticks.code.tex")
("C:\Users\Jorden\AppData\Local\Programs\MiKTeX 2.9\tex\generic\pgfplots\pgfplo
ts.paths.code.tex")
("C:\Users\Jorden\AppData\Local\Programs\MiKTeX 2.9\tex\generic\pgf\frontendlay
er\tikz\libraries\tikzlibrarydecorations.pathmorphing.code.tex"
("C:\Users\Jorden\AppData\Local\Programs\MiKTeX 2.9\tex\generic\pgf\libraries\d
ecorations\pgflibrarydecorations.pathmorphing.code.tex"))
\pgfplots@numplots=\count197
\pgfplots@xmin@reg=\dimen296
\pgfplots@xmax@reg=\dimen297
\pgfplots@ymin@reg=\dimen298
\pgfplots@ymax@reg=\dimen299
\pgfplots@zmin@reg=\dimen300
\pgfplots@zmax@reg=\dimen301
))
("C:\Users\Jorden\AppData\Local\Programs\MiKTeX 2.9\tex\latex\pgfplots\pgfplots
table.sty"
("C:\Users\Jorden\AppData\Local\Programs\MiKTeX 2.9\tex\generic\pgfplots\pgfplo
ts.revision.tex")
Package: pgfplotstable 2016/08/10 v1.14 Table typesetting and Pretty-printing (
1.14)

("C:\Users\Jorden\AppData\Local\Programs\MiKTeX 2.9\tex\generic\pgfplots\numtab
le\pgfplotstable.code.tex"
("C:\Users\Jorden\AppData\Local\Programs\MiKTeX 2.9\tex\generic\pgfplots\numtab
le\pgfplotstable.coltype.code.tex")))
("C:\Users\Jorden\AppData\Local\Programs\MiKTeX 2.9\tex\latex\tkz-euclide\tkz-o
bj-polygons.tex")
("C:\Users\Jorden\AppData\Local\Programs\MiKTeX 2.9\tex\latex\tkz-euclide\tkz-o
bj-vectors.tex")
("C:\Users\Jorden\AppData\Local\Programs\MiKTeX 2.9\tex\latex\tkz-euclide\tkz-o
bj-arcs.tex")
("C:\Users\Jorden\AppData\Local\Programs\MiKTeX 2.9\tex\latex\tkz-euclide\tkz-o
bj-sectors.tex")
("C:\Users\Jorden\AppData\Local\Programs\MiKTeX 2.9\tex\latex\tkz-euclide\tkz-o
bj-angles.tex")
("C:\Users\Jorden\AppData\Local\Programs\MiKTeX 2.9\tex\latex\tkz-euclide\tkz-o
bj-protractor.tex")
("C:\Users\Jorden\AppData\Local\Programs\MiKTeX 2.9\tex\latex\booktabs\booktabs
.sty"
Package: booktabs 2005/04/14 v1.61803 publication quality tables
\heavyrulewidth=\dimen302
\lightrulewidth=\dimen303
\cmidrulewidth=\dimen304
\belowrulesep=\dimen305
\belowbottomsep=\dimen306
\aboverulesep=\dimen307
\abovetopsep=\dimen308
\cmidrulesep=\dimen309
\cmidrulekern=\dimen310
\defaultaddspace=\dimen311
\@cmidla=\count198
\@cmidlb=\count199
\@aboverulesep=\dimen312
\@belowrulesep=\dimen313
Normal \count register pool exhausted, switching to extended pool.
\@thisruleclass=\count277
\@lastruleclass=\count278
\@thisrulewidth=\dimen314
)
("C:\Users\Jorden\AppData\Local\Programs\MiKTeX 2.9\tex\latex\listings\listings
.sty"
\lst@mode=\count279
\lst@gtempboxa=\box82
\lst@token=\toks49
\lst@length=\count280
\lst@currlwidth=\dimen315
\lst@column=\count281
\lst@pos=\count282
\lst@lostspace=\dimen316
\lst@width=\dimen317
\lst@newlines=\count283
\lst@lineno=\count284
\lst@maxwidth=\dimen318

("C:\Users\Jorden\AppData\Local\Programs\MiKTeX 2.9\tex\latex\listings\lstmisc.
sty"
File: lstmisc.sty 2015/06/04 1.6 (Carsten Heinz)
\c@lstnumber=\count285
\lst@skipnumbers=\count286
\lst@framebox=\box83
)
("C:\Users\Jorden\AppData\Local\Programs\MiKTeX 2.9\tex\latex\listings\listings
.cfg"
File: listings.cfg 2015/06/04 1.6 listings configuration
))
Package: listings 2015/06/04 1.6 (Carsten Heinz)

("C:\Users\Jorden\AppData\Local\Programs\MiKTeX 2.9\tex\latex\stmaryrd\stmaryrd
.sty"
Package: stmaryrd 1994/03/03 St Mary's Road symbol package
\symstmry=\mathgroup6
LaTeX Font Info:    Overwriting symbol font `stmry' in version `bold'
(Font)                  U/stmry/m/n --> U/stmry/b/n on input line 89.
)
("C:\Users\Jorden\AppData\Local\Programs\MiKTeX 2.9\tex\latex\listings\lstlang1
.sty"
File: lstlang1.sty 2015/06/04 1.6 listings language file
)
("C:\Users\Jorden\AppData\Local\Programs\MiKTeX 2.9\tex\latex\listings\lstlang2
.sty"
File: lstlang2.sty 2015/06/04 1.6 listings language file
)
("C:\Users\Jorden\AppData\Local\Programs\MiKTeX 2.9\tex\latex\listings\lstlang3
.sty"
File: lstlang3.sty 2015/06/04 1.6 listings language file
)
("C:\Users\Jorden\AppData\Local\Programs\MiKTeX 2.9\tex\latex\fancyhdr\fancyhdr
.sty"
Package: fancyhdr 2016/09/06 3.8 Extensive control of page headers and footers
\fancy@headwidth=\skip63
\f@ncyO@elh=\skip64
\f@ncyO@erh=\skip65
\f@ncyO@olh=\skip66
\f@ncyO@orh=\skip67
\f@ncyO@elf=\skip68
\f@ncyO@erf=\skip69
\f@ncyO@olf=\skip70
\f@ncyO@orf=\skip71
)
("C:\Users\Jorden\AppData\Local\Programs\MiKTeX 2.9\tex\latex\titlesec\titlesec
.sty"
Package: titlesec 2016/03/21 v2.10.2 Sectioning titles
\ttl@box=\box84
\beforetitleunit=\skip72
\aftertitleunit=\skip73
\ttl@plus=\dimen319
\ttl@minus=\dimen320
\ttl@toksa=\toks50
\titlewidth=\dimen321
\titlewidthlast=\dimen322
\titlewidthfirst=\dimen323
)
No file Template.aux.
\openout1 = `Template.aux'.

LaTeX Font Info:    Checking defaults for OML/cmm/m/it on input line 75.
LaTeX Font Info:    ... okay on input line 75.
LaTeX Font Info:    Checking defaults for T1/cmr/m/n on input line 75.
LaTeX Font Info:    ... okay on input line 75.
LaTeX Font Info:    Checking defaults for OT1/cmr/m/n on input line 75.
LaTeX Font Info:    ... okay on input line 75.
LaTeX Font Info:    Checking defaults for OMS/cmsy/m/n on input line 75.
LaTeX Font Info:    ... okay on input line 75.
LaTeX Font Info:    Checking defaults for OMX/cmex/m/n on input line 75.
LaTeX Font Info:    ... okay on input line 75.
LaTeX Font Info:    Checking defaults for U/cmr/m/n on input line 75.
LaTeX Font Info:    ... okay on input line 75.
LaTeX Font Info:    Checking defaults for EU1/lmr/m/n on input line 75.
LaTeX Font Info:    ... okay on input line 75.
LaTeX Font Info:    Checking defaults for T3/cmr/m/n on input line 75.
LaTeX Font Info:    Try loading font information for T3+cmr on input line 75.
("C:\Users\Jorden\AppData\Local\Programs\MiKTeX 2.9\tex\latex\tipa\t3cmr.fd"
File: t3cmr.fd 2001/12/31 TIPA font definitions
)
LaTeX Font Info:    ... okay on input line 75.
Package caption Info: Begin \AtBeginDocument code.
Package caption Info: listings package is loaded.
Package caption Info: End \AtBeginDocument code.
\AtBeginShipoutBox=\box85
Package lastpage Info: Please have a look at the pageslts package at
(lastpage)             https://www.ctan.org/pkg/pageslts
(lastpage)             ! on input line 75.

*geometry* detected driver: pdftex
*geometry* verbose mode - [ preamble ] result:
* driver: pdftex
* paper: <default>
* layout: <same size as paper>
* layoutoffset:(h,v)=(0.0pt,0.0pt)
* modes: 
* h-part:(L,W,R)=(76.82234pt, 489.10307pt, 48.36958pt)
* v-part:(T,H,B)=(46.94687pt, 719.57037pt, 28.45274pt)
* \paperwidth=614.295pt
* \paperheight=794.96999pt
* \textwidth=489.10307pt
* \textheight=719.57037pt
* \oddsidemargin=4.55235pt
* \evensidemargin=4.55235pt
* \topmargin=-62.32312pt
* \headheight=18.0pt
* \headsep=25.0pt
* \topskip=12.0pt
* \footskip=30.0pt
* \marginparwidth=44.0pt
* \marginparsep=10.0pt
* \columnsep=10.0pt
* \skip\footins=10.8pt plus 4.0pt minus 2.0pt
* \hoffset=0.0pt
* \voffset=0.0pt
* \mag=1000
* \@twocolumnfalse
* \@twosidefalse
* \@mparswitchfalse
* \@reversemarginfalse
* (1in=72.27pt=25.4mm, 1cm=28.453pt)

.................................................
. fontspec info: "setup-math"
. 
. Adjusting the maths setup (use [no-math] to avoid this).
.................................................
\symlegacymaths=\mathgroup7
LaTeX Font Info:    Overwriting symbol font `legacymaths' in version `bold'
(Font)                  OT1/cmr/m/n --> OT1/cmr/bx/n on input line 75.
LaTeX Font Info:    Redeclaring math accent \acute on input line 75.
LaTeX Font Info:    Redeclaring math accent \grave on input line 75.
LaTeX Font Info:    Redeclaring math accent \ddot on input line 75.
LaTeX Font Info:    Redeclaring math accent \tilde on input line 75.
LaTeX Font Info:    Redeclaring math accent \bar on input line 75.
LaTeX Font Info:    Redeclaring math accent \breve on input line 75.
LaTeX Font Info:    Redeclaring math accent \check on input line 75.
LaTeX Font Info:    Redeclaring math accent \hat on input line 75.
LaTeX Font Info:    Redeclaring math accent \dot on input line 75.
LaTeX Font Info:    Redeclaring math accent \mathring on input line 75.
LaTeX Font Info:    Redeclaring math symbol \Gamma on input line 75.
LaTeX Font Info:    Redeclaring math symbol \Delta on input line 75.
LaTeX Font Info:    Redeclaring math symbol \Theta on input line 75.
LaTeX Font Info:    Redeclaring math symbol \Lambda on input line 75.
LaTeX Font Info:    Redeclaring math symbol \Xi on input line 75.
LaTeX Font Info:    Redeclaring math symbol \Pi on input line 75.
LaTeX Font Info:    Redeclaring math symbol \Sigma on input line 75.
LaTeX Font Info:    Redeclaring math symbol \Upsilon on input line 75.
LaTeX Font Info:    Redeclaring math symbol \Phi on input line 75.
LaTeX Font Info:    Redeclaring math symbol \Psi on input line 75.
LaTeX Font Info:    Redeclaring math symbol \Omega on input line 75.
LaTeX Font Info:    Redeclaring math symbol \mathdollar on input line 75.
LaTeX Font Info:    Redeclaring symbol font `operators' on input line 75.
LaTeX Font Info:    Encoding `OT1' has changed to `EU1' for symbol font
(Font)              `operators' in the math version `normal' on input line 75.
LaTeX Font Info:    Overwriting symbol font `operators' in version `normal'
(Font)                  OT1/cmr/m/n --> EU1/lmr/m/n on input line 75.
LaTeX Font Info:    Encoding `OT1' has changed to `EU1' for symbol font
(Font)              `operators' in the math version `bold' on input line 75.
LaTeX Font Info:    Overwriting symbol font `operators' in version `bold'
(Font)                  OT1/cmr/bx/n --> EU1/lmr/m/n on input line 75.
LaTeX Font Info:    Overwriting symbol font `operators' in version `normal'
(Font)                  EU1/lmr/m/n --> EU1/lmr/m/n on input line 75.
LaTeX Font Info:    Overwriting math alphabet `\mathit' in version `normal'
(Font)                  OT1/cmr/m/it --> EU1/lmr/m/it on input line 75.
LaTeX Font Info:    Overwriting math alphabet `\mathbf' in version `normal'
(Font)                  OT1/cmr/bx/n --> EU1/lmr/bx/n on input line 75.
LaTeX Font Info:    Overwriting math alphabet `\mathsf' in version `normal'
(Font)                  OT1/cmss/m/n --> EU1/lmss/m/n on input line 75.
LaTeX Font Info:    Overwriting math alphabet `\mathtt' in version `normal'
(Font)                  OT1/cmtt/m/n --> EU1/lmtt/m/n on input line 75.
LaTeX Font Info:    Overwriting symbol font `operators' in version `bold'
(Font)                  EU1/lmr/m/n --> EU1/lmr/bx/n on input line 75.
LaTeX Font Info:    Overwriting math alphabet `\mathit' in version `bold'
(Font)                  OT1/cmr/bx/it --> EU1/lmr/bx/it on input line 75.
LaTeX Font Info:    Overwriting math alphabet `\mathsf' in version `bold'
(Font)                  OT1/cmss/bx/n --> EU1/lmss/bx/n on input line 75.
LaTeX Font Info:    Overwriting math alphabet `\mathtt' in version `bold'
(Font)                  OT1/cmtt/m/n --> EU1/lmtt/bx/n on input line 75.
ABD: EveryShipout initializing macros
Package pgfplots notification 'compat/show suggested version=true': you might b
enefit from \pgfplotsset{compat=1.14} (current compat level: 1.8).

\c@lstlisting=\count287
LaTeX Font Info:    Try loading font information for U+msa on input line 96.
("C:\Users\Jorden\AppData\Local\Programs\MiKTeX 2.9\tex\latex\amsfonts\umsa.fd"
File: umsa.fd 2013/01/14 v3.01 AMS symbols A
)
LaTeX Font Info:    Try loading font information for U+msb on input line 96.
 ("C:\Users\Jorden\AppData\Local\Programs\MiKTeX 2.9\tex\latex\amsfonts\umsb.fd
"
File: umsb.fd 2013/01/14 v3.01 AMS symbols B
)
LaTeX Font Info:    Try loading font information for U+stmry on input line 96.

("C:\Users\Jorden\AppData\Local\Programs\MiKTeX 2.9\tex\latex\stmaryrd\ustmry.f
d")

LaTeX Warning: Reference `LastPage' on page 1 undefined on input line 135.

File: background.png Graphic file (type QTm)
<use  "background.png" > [1

]
LaTeX Font Info:    Try loading font information for EU1+lmtt on input line 139
.

("C:\Users\Jorden\AppData\Local\Programs\MiKTeX 2.9\tex\latex\euenc\eu1lmtt.fd"
File: eu1lmtt.fd 2009/10/30 v1.6 Font defs for Latin Modern
)

LaTeX Warning: Reference `LastPage' on page 2 undefined on input line 201.

File: background.png Graphic file (type QTm)
<use  "background.png" > [2]
Underfull \hbox (badness 10000) in paragraph at lines 236--237

 []


LaTeX Warning: Reference `LastPage' on page 3 undefined on input line 240.

File: background.png Graphic file (type QTm)
<use  "background.png" > [3]

LaTeX Warning: Reference `LastPage' on page 4 undefined on input line 270.

File: background.png Graphic file (type QTm)
<use  "background.png" > [4]

LaTeX Warning: Reference `LastPage' on page 5 undefined on input line 300.

File: background.png Graphic file (type QTm)
<use  "background.png" > [5]

Package lastpage Warning: Rerun to get the references right on input line 321.


AED: lastpage setting LastPage

LaTeX Warning: Reference `LastPage' on page 6 undefined on input line 321.

File: background.png Graphic file (type QTm)
<use  "background.png" > [6] (Template.aux)

LaTeX Warning: There were undefined references.


LaTeX Warning: Label(s) may have changed. Rerun to get cross-references right.

 ) 
Here is how much of TeX's memory you used:
 42669 strings out of 428408
 970067 string characters out of 3156554
 1407042 words of memory out of 3000000
 45454 multiletter control sequences out of 15000+200000
 14758 words of font info for 74 fonts, out of 3000000 for 9000
 1328 hyphenation exceptions out of 8191
 69i,13n,96p,10350b,1725s stack positions out of 5000i,500n,10000p,200000b,50000s

Output written on Template.pdf (6 pages).
